<?xml version="1.0" encoding="UTF-8"?>
<!-- Generated by org.testng.reporters.JUnitReportReporter -->
<testsuite hostname="HP" failures="0" tests="1" name="com.ebankingv1.testCases.Ebanking_TC1" time="6.357" errors="0" timestamp="2024-01-23T11:53:54 IST" skipped="0">
  <testcase classname="com.ebankingv1.testCases.Ebanking_TC1" name="logintest" time="6.357"/>
  <system-out/>
</testsuite> <!-- com.ebankingv1.testCases.Ebanking_TC1 -->
