<?xml version="1.0" encoding="UTF-8"?>
<!-- Generated by org.testng.reporters.JUnitReportReporter -->
<testsuite hostname="HP" failures="0" tests="1" name="com.ebankingv1.testCases.Ebankingtc_03" time="29.639" errors="0" timestamp="2024-01-23T11:53:54 IST" skipped="0">
  <testcase classname="com.ebankingv1.testCases.Ebankingtc_03" name="newcustomer" time="29.639"/>
  <system-out/>
</testsuite> <!-- com.ebankingv1.testCases.Ebankingtc_03 -->
